15:47:28 **** Incremental Build of configuration Debug for project 010_counting_semaphore ****
make -j8 all 
arm-none-eabi-gcc "../Core/Src/main.c" -mcpu=cortex-m4 -std=gnu11 -g3 -DDEBUG -DUSE_HAL_DRIVER -DSTM32F407xx -c -I../Core/Inc -I../Drivers/STM32F4xx_HAL_Driver/Inc -I../Drivers/STM32F4xx_HAL_Driver/Inc/Legacy -I../Drivers/CMSIS/Device/ST/STM32F4xx/Include -I../Drivers/CMSIS/Include -I"C:/STM32F407G_Development/Development/RTOS/common/ThirdParty/FreeRTOS/include" -I"C:/STM32F407G_Development/Development/RTOS/common/ThirdParty/FreeRTOS/portable/GCC/ARM_CM4F" -I"C:/STM32F407G_Development/Development/RTOS/common/ThirdParty/SEGGER/Config" -I"C:/STM32F407G_Development/Development/RTOS/common/ThirdParty/SEGGER/OS" -I"C:/STM32F407G_Development/Development/RTOS/common/ThirdParty/SEGGER/SEGGER" -O0 -ffunction-sections -fdata-sections -Wall -fstack-usage -fcyclomatic-complexity -MMD -MP -MF"Core/Src/main.d" -MT"Core/Src/main.o" --specs=nano.specs -mfpu=fpv4-sp-d16 -mfloat-abi=hard -mthumb -o "Core/Src/main.o"
../Core/Src/main.c:78:13: warning: 'vHandlerTask' declared 'static' but never defined [-Wunused-function]
   78 | static void vHandlerTask( void *pvParameters );
      |             ^~~~~~~~~~~~
../Core/Src/main.c:79:13: warning: 'vPeriodicTask' declared 'static' but never defined [-Wunused-function]
   79 | static void vPeriodicTask( void *pvParameters );
      |             ^~~~~~~~~~~~~
../Core/Src/main.c:385:13: warning: 'prvSetupSoftwareInterrupt' defined but not used [-Wunused-function]
  385 | static void prvSetupSoftwareInterrupt(void)
      |             ^~~~~~~~~~~~~~~~~~~~~~~~~
arm-none-eabi-gcc -o "010_counting_semaphore.elf" @"objects.list"   -mcpu=cortex-m4 -T"C:\STM32F407G_Development\Development\RTOS\010_counting_semaphore\STM32F407VGTX_FLASH.ld" --specs=nosys.specs -Wl,-Map="010_counting_semaphore.map" -Wl,--gc-sections -static --specs=nano.specs -mfpu=fpv4-sp-d16 -mfloat-abi=hard -mthumb -Wl,--start-group -lc -lm -Wl,--end-group
C:/ST/STM32CubeIDE_1.16.1/STM32CubeIDE/plugins/com.st.stm32cube.ide.mcu.externaltools.gnu-tools-for-stm32.12.3.rel1.win32_1.0.200.202406191623/tools/bin/../lib/gcc/arm-none-eabi/12.3.1/../../../../arm-none-eabi/bin/ld.exe: ./Core/Src/main.o: in function `main':
C:/STM32F407G_Development/Development/RTOS/010_counting_semaphore/Debug/../Core/Src/main.c:130: undefined reference to `print_msg'
collect2.exe: error: ld returned 1 exit status
make: *** [makefile:72: 010_counting_semaphore.elf] Error 1
"make -j8 all" terminated with exit code 2. Build might be incomplete.

15:47:30 Build Failed. 2 errors, 3 warnings. (took 1s.879ms)

